<coverage line-rate="0.7286652078774617" branch-rate="0.47478991596638653" lines-covered="333" lines-valid="457" branches-covered="113" branches-valid="238" complexity="0.0" version="1.9.4.1" timestamp="1418487147544">
  <sources>
    <source>
      C:/Users/user/IdeaProjects/ChessMindSprint6/src/java
    </source>
    <source>
      C:/Users/user/IdeaProjects/ChessMindSprint6/grails-app/utils
    </source>
    <source>
      C:/Users/user/IdeaProjects/ChessMindSprint6/grails-app/controllers
    </source>
    <source>
      C:/Users/user/IdeaProjects/ChessMindSprint6/grails-app/taglib
    </source>
    <source>
      C:/Users/user/IdeaProjects/ChessMindSprint6/grails-app/domain
    </source>
  </sources>
  <packages>
    <package name="" line-rate="1.0" branch-rate="1.0" complexity="0.0">
      <classes>
        <class name="ApplicationResources" filename="ApplicationResources.groovy" line-rate="1.0" branch-rate="1.0" complexity="0.0">
          <methods>
            <method name="run" signature="()Ljava/lang/Object;" line-rate="1.0" branch-rate="1.0">
              <lines>
                <line number="1" hits="1" branch="false"/>
              </lines>
            </method>
          </methods>
          <lines>
            <line number="1" hits="1" branch="false"/>
          </lines>
        </class>
        <class name="ApplicationResources$_run_closure1" filename="ApplicationResources.groovy" line-rate="1.0" branch-rate="1.0" complexity="0.0">
          <methods>
            <method name="doCall" signature="(Ljava/lang/Object;)Ljava/lang/Object;" line-rate="1.0" branch-rate="1.0">
              <lines>
                <line number="2" hits="1" branch="false"/>
              </lines>
            </method>
          </methods>
          <lines>
            <line number="2" hits="1" branch="false"/>
          </lines>
        </class>
        <class name="ApplicationResources$_run_closure1_closure2" filename="ApplicationResources.groovy" line-rate="1.0" branch-rate="1.0" complexity="0.0">
          <methods>
            <method name="doCall" signature="(Ljava/lang/Object;)Ljava/lang/Object;" line-rate="1.0" branch-rate="1.0">
              <lines>
                <line number="3" hits="1" branch="false"/>
              </lines>
            </method>
          </methods>
          <lines>
            <line number="3" hits="1" branch="false"/>
          </lines>
        </class>
      </classes>
    </package>
    <package name="alert" line-rate="0.88" branch-rate="0.6666666666666666" complexity="0.0">
      <classes>
        <class name="alert.Alert" filename="alert/Alert.groovy" line-rate="1.0" branch-rate="1.0" complexity="0.0">
          <methods/>
          <lines/>
        </class>
        <class name="alert.Alert$__clinit__closure1" filename="alert/Alert.groovy" line-rate="1.0" branch-rate="1.0" complexity="0.0">
          <methods>
            <method name="doCall" signature="(Ljava/lang/Object;)Ljava/lang/Object;" line-rate="1.0" branch-rate="1.0">
              <lines>
                <line number="16" hits="14" branch="false"/>
                <line number="17" hits="14" branch="false"/>
                <line number="18" hits="14" branch="false"/>
              </lines>
            </method>
          </methods>
          <lines>
            <line number="16" hits="14" branch="false"/>
            <line number="17" hits="14" branch="false"/>
            <line number="18" hits="14" branch="false"/>
          </lines>
        </class>
        <class name="alert.AlertController" filename="alert/AlertController.groovy" line-rate="0.90625" branch-rate="0.6666666666666666" complexity="0.0">
          <methods>
            <method name="$tt__create" signature="(Lorg/springframework/transaction/TransactionStatus;)Ljava/lang/Object;" line-rate="1.0" branch-rate="1.0">
              <lines>
                <line number="22" hits="1" branch="false"/>
              </lines>
            </method>
            <method name="$tt__delete" signature="(Lalert/Alert;Lorg/springframework/transaction/TransactionStatus;)Ljava/lang/Object;" line-rate="1.0" branch-rate="1.0">
              <lines>
                <line number="75" hits="2" branch="true" condition-coverage="100 % (2/2)">
                  <conditions>
                    <condition number="0" type="jump" coverage="100 %"/>
                  </conditions>
                </line>
                <line number="76" hits="1" branch="false"/>
                <line number="77" hits="1" branch="false"/>
                <line number="80" hits="1" branch="false"/>
                <line number="82" hits="1" branch="false"/>
              </lines>
            </method>
            <method name="$tt__index" signature="(Ljava/lang/Integer;Lorg/springframework/transaction/TransactionStatus;)Ljava/lang/Object;" line-rate="1.0" branch-rate="0.5">
              <lines>
                <line number="16" hits="1" branch="true" condition-coverage="50 % (1/2)">
                  <conditions>
                    <condition number="0" type="jump" coverage="50 %"/>
                  </conditions>
                </line>
                <line number="17" hits="1" branch="false"/>
              </lines>
            </method>
            <method name="$tt__save" signature="(Lalert/Alert;Lorg/springframework/transaction/TransactionStatus;)Ljava/lang/Object;" line-rate="0.8695652173913043" branch-rate="0.6428571428571429">
              <lines>
                <line number="29" hits="5" branch="true" condition-coverage="100 % (2/2)">
                  <conditions>
                    <condition number="0" type="jump" coverage="100 %"/>
                  </conditions>
                </line>
                <line number="30" hits="1" branch="false"/>
                <line number="31" hits="1" branch="false"/>
                <line number="32" hits="1" branch="true" condition-coverage="33 % (2/6)">
                  <conditions>
                    <condition number="0" type="jump" coverage="50 %"/>
                    <condition number="1" type="jump" coverage="50 %"/>
                    <condition number="2" type="jump" coverage="0 %"/>
                  </conditions>
                </line>
                <line number="35" hits="4" branch="true" condition-coverage="100 % (2/2)">
                  <conditions>
                    <condition number="0" type="jump" coverage="100 %"/>
                  </conditions>
                </line>
                <line number="36" hits="2" branch="false"/>
                <line number="37" hits="2" branch="false"/>
                <line number="39" hits="2" branch="true" condition-coverage="50 % (1/2)">
                  <conditions>
                    <condition number="0" type="jump" coverage="50 %"/>
                  </conditions>
                </line>
                <line number="40" hits="0" branch="false"/>
                <line number="41" hits="0" branch="false"/>
                <line number="42" hits="0" branch="false"/>
                <line number="45" hits="2" branch="false"/>
                <line number="46" hits="2" branch="false"/>
                <line number="47" hits="2" branch="false"/>
                <line number="50" hits="2" branch="false"/>
                <line number="51" hits="2" branch="false"/>
                <line number="53" hits="2" branch="false"/>
                <line number="55" hits="2" branch="true" condition-coverage="100 % (2/2)">
                  <conditions>
                    <condition number="0" type="jump" coverage="100 %"/>
                  </conditions>
                </line>
                <line number="56" hits="1" branch="false"/>
                <line number="57" hits="1" branch="false"/>
                <line number="58" hits="1" branch="false"/>
                <line number="61" hits="1" branch="false"/>
                <line number="63" hits="1" branch="false"/>
              </lines>
            </method>
            <method name="notFound" signature="()V" line-rate="1.0" branch-rate="1.0">
              <lines>
                <line number="92" hits="1" branch="false"/>
              </lines>
            </method>
          </methods>
          <lines>
            <line number="16" hits="1" branch="true" condition-coverage="50 % (1/2)">
              <conditions>
                <condition number="0" type="jump" coverage="50 %"/>
              </conditions>
            </line>
            <line number="17" hits="1" branch="false"/>
            <line number="22" hits="1" branch="false"/>
            <line number="29" hits="5" branch="true" condition-coverage="100 % (2/2)">
              <conditions>
                <condition number="0" type="jump" coverage="100 %"/>
              </conditions>
            </line>
            <line number="30" hits="1" branch="false"/>
            <line number="31" hits="1" branch="false"/>
            <line number="32" hits="1" branch="true" condition-coverage="33 % (2/6)">
              <conditions>
                <condition number="0" type="jump" coverage="50 %"/>
                <condition number="1" type="jump" coverage="50 %"/>
                <condition number="2" type="jump" coverage="0 %"/>
              </conditions>
            </line>
            <line number="35" hits="4" branch="true" condition-coverage="100 % (2/2)">
              <conditions>
                <condition number="0" type="jump" coverage="100 %"/>
              </conditions>
            </line>
            <line number="36" hits="2" branch="false"/>
            <line number="37" hits="2" branch="false"/>
            <line number="39" hits="2" branch="true" condition-coverage="50 % (1/2)">
              <conditions>
                <condition number="0" type="jump" coverage="50 %"/>
              </conditions>
            </line>
            <line number="40" hits="0" branch="false"/>
            <line number="41" hits="0" branch="false"/>
            <line number="42" hits="0" branch="false"/>
            <line number="45" hits="2" branch="false"/>
            <line number="46" hits="2" branch="false"/>
            <line number="47" hits="2" branch="false"/>
            <line number="50" hits="2" branch="false"/>
            <line number="51" hits="2" branch="false"/>
            <line number="53" hits="2" branch="false"/>
            <line number="55" hits="2" branch="true" condition-coverage="100 % (2/2)">
              <conditions>
                <condition number="0" type="jump" coverage="100 %"/>
              </conditions>
            </line>
            <line number="56" hits="1" branch="false"/>
            <line number="57" hits="1" branch="false"/>
            <line number="58" hits="1" branch="false"/>
            <line number="61" hits="1" branch="false"/>
            <line number="63" hits="1" branch="false"/>
            <line number="75" hits="2" branch="true" condition-coverage="100 % (2/2)">
              <conditions>
                <condition number="0" type="jump" coverage="100 %"/>
              </conditions>
            </line>
            <line number="76" hits="1" branch="false"/>
            <line number="77" hits="1" branch="false"/>
            <line number="80" hits="1" branch="false"/>
            <line number="82" hits="1" branch="false"/>
            <line number="92" hits="1" branch="false"/>
          </lines>
        </class>
        <class name="alert.AlertController$_$tt__delete_closure7" filename="alert/AlertController.groovy" line-rate="1.0" branch-rate="1.0" complexity="0.0">
          <methods>
            <method name="doCall" signature="(Ljava/lang/Object;)Ljava/lang/Object;" line-rate="1.0" branch-rate="1.0">
              <lines>
                <line number="83" hits="1" branch="false"/>
                <line number="87" hits="1" branch="false"/>
              </lines>
            </method>
          </methods>
          <lines>
            <line number="83" hits="1" branch="false"/>
            <line number="87" hits="1" branch="false"/>
          </lines>
        </class>
        <class name="alert.AlertController$_$tt__save_closure6" filename="alert/AlertController.groovy" line-rate="1.0" branch-rate="1.0" complexity="0.0">
          <methods>
            <method name="doCall" signature="(Ljava/lang/Object;)Ljava/lang/Object;" line-rate="1.0" branch-rate="1.0">
              <lines>
                <line number="64" hits="1" branch="false"/>
                <line number="68" hits="1" branch="false"/>
              </lines>
            </method>
          </methods>
          <lines>
            <line number="64" hits="1" branch="false"/>
            <line number="68" hits="1" branch="false"/>
          </lines>
        </class>
        <class name="alert.AlertController$_create_closure2" filename="alert/AlertController.groovy" line-rate="1.0" branch-rate="1.0" complexity="0.0">
          <methods/>
          <lines/>
        </class>
        <class name="alert.AlertController$_delete_closure4" filename="alert/AlertController.groovy" line-rate="1.0" branch-rate="1.0" complexity="0.0">
          <methods/>
          <lines/>
        </class>
        <class name="alert.AlertController$_index_closure1" filename="alert/AlertController.groovy" line-rate="1.0" branch-rate="1.0" complexity="0.0">
          <methods/>
          <lines/>
        </class>
        <class name="alert.AlertController$_notFound_closure5" filename="alert/AlertController.groovy" line-rate="1.0" branch-rate="1.0" complexity="0.0">
          <methods>
            <method name="doCall" signature="(Ljava/lang/Object;)Ljava/lang/Object;" line-rate="1.0" branch-rate="1.0">
              <lines>
                <line number="93" hits="1" branch="false"/>
                <line number="97" hits="1" branch="false"/>
              </lines>
            </method>
          </methods>
          <lines>
            <line number="93" hits="1" branch="false"/>
            <line number="97" hits="1" branch="false"/>
          </lines>
        </class>
        <class name="alert.AlertController$_notFound_closure5_closure8" filename="alert/AlertController.groovy" line-rate="1.0" branch-rate="1.0" complexity="0.0">
          <methods>
            <method name="doCall" signature="(Ljava/lang/Object;)Ljava/lang/Object;" line-rate="1.0" branch-rate="1.0">
              <lines>
                <line number="94" hits="1" branch="false"/>
                <line number="95" hits="1" branch="false"/>
              </lines>
            </method>
          </methods>
          <lines>
            <line number="94" hits="1" branch="false"/>
            <line number="95" hits="1" branch="false"/>
          </lines>
        </class>
        <class name="alert.AlertController$_notFound_closure5_closure9" filename="alert/AlertController.groovy" line-rate="0.0" branch-rate="1.0" complexity="0.0">
          <methods>
            <method name="doCall" signature="(Ljava/lang/Object;)Ljava/lang/Object;" line-rate="0.0" branch-rate="1.0">
              <lines>
                <line number="97" hits="0" branch="false"/>
              </lines>
            </method>
          </methods>
          <lines>
            <line number="97" hits="0" branch="false"/>
          </lines>
        </class>
        <class name="alert.AlertController$_save_closure3" filename="alert/AlertController.groovy" line-rate="1.0" branch-rate="1.0" complexity="0.0">
          <methods/>
          <lines/>
        </class>
        <class name="alert.AlertController$_tt__delete_closure7_closure12" filename="alert/AlertController.groovy" line-rate="1.0" branch-rate="1.0" complexity="0.0">
          <methods>
            <method name="doCall" signature="(Ljava/lang/Object;)Ljava/lang/Object;" line-rate="1.0" branch-rate="1.0">
              <lines>
                <line number="84" hits="1" branch="false"/>
                <line number="85" hits="1" branch="false"/>
              </lines>
            </method>
          </methods>
          <lines>
            <line number="84" hits="1" branch="false"/>
            <line number="85" hits="1" branch="false"/>
          </lines>
        </class>
        <class name="alert.AlertController$_tt__delete_closure7_closure13" filename="alert/AlertController.groovy" line-rate="0.0" branch-rate="1.0" complexity="0.0">
          <methods>
            <method name="doCall" signature="(Ljava/lang/Object;)Ljava/lang/Object;" line-rate="0.0" branch-rate="1.0">
              <lines>
                <line number="87" hits="0" branch="false"/>
              </lines>
            </method>
          </methods>
          <lines>
            <line number="87" hits="0" branch="false"/>
          </lines>
        </class>
        <class name="alert.AlertController$_tt__save_closure6_closure10" filename="alert/AlertController.groovy" line-rate="1.0" branch-rate="1.0" complexity="0.0">
          <methods>
            <method name="doCall" signature="(Ljava/lang/Object;)Ljava/lang/Object;" line-rate="1.0" branch-rate="1.0">
              <lines>
                <line number="65" hits="1" branch="false"/>
                <line number="66" hits="1" branch="false"/>
              </lines>
            </method>
          </methods>
          <lines>
            <line number="65" hits="1" branch="false"/>
            <line number="66" hits="1" branch="false"/>
          </lines>
        </class>
        <class name="alert.AlertController$_tt__save_closure6_closure11" filename="alert/AlertController.groovy" line-rate="0.0" branch-rate="1.0" complexity="0.0">
          <methods>
            <method name="doCall" signature="(Ljava/lang/Object;)Ljava/lang/Object;" line-rate="0.0" branch-rate="1.0">
              <lines>
                <line number="68" hits="0" branch="false"/>
              </lines>
            </method>
          </methods>
          <lines>
            <line number="68" hits="0" branch="false"/>
          </lines>
        </class>
      </classes>
    </package>
    <package name="problems" line-rate="0.6587677725118484" branch-rate="0.5" complexity="0.0">
      <classes>
        <class name="problems.Comment" filename="problems/Comment.groovy" line-rate="1.0" branch-rate="1.0" complexity="0.0">
          <methods/>
          <lines/>
        </class>
        <class name="problems.Comment$__clinit__closure1" filename="problems/Comment.groovy" line-rate="1.0" branch-rate="1.0" complexity="0.0">
          <methods>
            <method name="doCall" signature="(Ljava/lang/Object;)Ljava/lang/Object;" line-rate="1.0" branch-rate="1.0">
              <lines>
                <line number="13" hits="17" branch="false"/>
              </lines>
            </method>
          </methods>
          <lines>
            <line number="13" hits="17" branch="false"/>
          </lines>
        </class>
        <class name="problems.CommentController" filename="problems/CommentController.groovy" line-rate="0.8260869565217391" branch-rate="0.75" complexity="0.0">
          <methods>
            <method name="$tt__alertComment" signature="(Lproblems/Comment;Lorg/springframework/transaction/TransactionStatus;)Ljava/lang/Object;" line-rate="0.0" branch-rate="1.0">
              <lines>
                <line number="102" hits="0" branch="false"/>
              </lines>
            </method>
            <method name="$tt__create" signature="(Lorg/springframework/transaction/TransactionStatus;)Ljava/lang/Object;" line-rate="1.0" branch-rate="1.0">
              <lines>
                <line number="16" hits="1" branch="false"/>
                <line number="18" hits="1" branch="false"/>
              </lines>
            </method>
            <method name="$tt__edit" signature="(Lproblems/Comment;Lorg/springframework/transaction/TransactionStatus;)Ljava/lang/Object;" line-rate="1.0" branch-rate="1.0">
              <lines>
                <line number="38" hits="2" branch="false"/>
              </lines>
            </method>
            <method name="$tt__index" signature="(Ljava/lang/Integer;Lorg/springframework/transaction/TransactionStatus;)Ljava/lang/Object;" line-rate="1.0" branch-rate="0.5">
              <lines>
                <line number="29" hits="1" branch="true" condition-coverage="50 % (1/2)">
                  <conditions>
                    <condition number="0" type="jump" coverage="50 %"/>
                  </conditions>
                </line>
                <line number="30" hits="1" branch="false"/>
              </lines>
            </method>
            <method name="$tt__show" signature="(Lproblems/Comment;Lorg/springframework/transaction/TransactionStatus;)Ljava/lang/Object;" line-rate="1.0" branch-rate="1.0">
              <lines>
                <line number="34" hits="2" branch="false"/>
              </lines>
            </method>
            <method name="$tt__supprimer" signature="(Lproblems/Comment;Lorg/springframework/transaction/TransactionStatus;)Ljava/lang/Object;" line-rate="0.5" branch-rate="0.5">
              <lines>
                <line number="72" hits="1" branch="true" condition-coverage="50 % (1/2)">
                  <conditions>
                    <condition number="0" type="jump" coverage="50 %"/>
                  </conditions>
                </line>
                <line number="73" hits="1" branch="false"/>
                <line number="74" hits="1" branch="false"/>
                <line number="76" hits="0" branch="false"/>
                <line number="78" hits="0" branch="false"/>
                <line number="80" hits="0" branch="false"/>
              </lines>
            </method>
            <method name="$tt__update" signature="(Lproblems/Comment;Lorg/springframework/transaction/TransactionStatus;)Ljava/lang/Object;" line-rate="1.0" branch-rate="1.0">
              <lines>
                <line number="43" hits="3" branch="true" condition-coverage="100 % (2/2)">
                  <conditions>
                    <condition number="0" type="jump" coverage="100 %"/>
                  </conditions>
                </line>
                <line number="44" hits="1" branch="false"/>
                <line number="45" hits="1" branch="false"/>
                <line number="48" hits="2" branch="true" condition-coverage="100 % (2/2)">
                  <conditions>
                    <condition number="0" type="jump" coverage="100 %"/>
                  </conditions>
                </line>
                <line number="49" hits="1" branch="false"/>
                <line number="50" hits="1" branch="false"/>
                <line number="53" hits="1" branch="false"/>
                <line number="55" hits="1" branch="false"/>
                <line number="57" hits="1" branch="false"/>
              </lines>
            </method>
            <method name="notFound" signature="()V" line-rate="1.0" branch-rate="1.0">
              <lines>
                <line number="92" hits="2" branch="false"/>
              </lines>
            </method>
          </methods>
          <lines>
            <line number="16" hits="1" branch="false"/>
            <line number="18" hits="1" branch="false"/>
            <line number="29" hits="1" branch="true" condition-coverage="50 % (1/2)">
              <conditions>
                <condition number="0" type="jump" coverage="50 %"/>
              </conditions>
            </line>
            <line number="30" hits="1" branch="false"/>
            <line number="34" hits="2" branch="false"/>
            <line number="38" hits="2" branch="false"/>
            <line number="43" hits="3" branch="true" condition-coverage="100 % (2/2)">
              <conditions>
                <condition number="0" type="jump" coverage="100 %"/>
              </conditions>
            </line>
            <line number="44" hits="1" branch="false"/>
            <line number="45" hits="1" branch="false"/>
            <line number="48" hits="2" branch="true" condition-coverage="100 % (2/2)">
              <conditions>
                <condition number="0" type="jump" coverage="100 %"/>
              </conditions>
            </line>
            <line number="49" hits="1" branch="false"/>
            <line number="50" hits="1" branch="false"/>
            <line number="53" hits="1" branch="false"/>
            <line number="55" hits="1" branch="false"/>
            <line number="57" hits="1" branch="false"/>
            <line number="72" hits="1" branch="true" condition-coverage="50 % (1/2)">
              <conditions>
                <condition number="0" type="jump" coverage="50 %"/>
              </conditions>
            </line>
            <line number="73" hits="1" branch="false"/>
            <line number="74" hits="1" branch="false"/>
            <line number="76" hits="0" branch="false"/>
            <line number="78" hits="0" branch="false"/>
            <line number="80" hits="0" branch="false"/>
            <line number="92" hits="2" branch="false"/>
            <line number="102" hits="0" branch="false"/>
          </lines>
        </class>
        <class name="problems.CommentController$_$tt__create_closure9" filename="problems/CommentController.groovy" line-rate="1.0" branch-rate="1.0" complexity="0.0">
          <methods>
            <method name="doCall" signature="(Ljava/lang/Object;)Ljava/lang/Object;" line-rate="1.0" branch-rate="1.0">
              <lines>
                <line number="19" hits="1" branch="false"/>
                <line number="23" hits="1" branch="false"/>
              </lines>
            </method>
          </methods>
          <lines>
            <line number="19" hits="1" branch="false"/>
            <line number="23" hits="1" branch="false"/>
          </lines>
        </class>
        <class name="problems.CommentController$_$tt__supprimer_closure11" filename="problems/CommentController.groovy" line-rate="0.0" branch-rate="1.0" complexity="0.0">
          <methods>
            <method name="doCall" signature="(Ljava/lang/Object;)Ljava/lang/Object;" line-rate="0.0" branch-rate="1.0">
              <lines>
                <line number="81" hits="0" branch="false"/>
                <line number="86" hits="0" branch="false"/>
              </lines>
            </method>
          </methods>
          <lines>
            <line number="81" hits="0" branch="false"/>
            <line number="86" hits="0" branch="false"/>
          </lines>
        </class>
        <class name="problems.CommentController$_$tt__update_closure10" filename="problems/CommentController.groovy" line-rate="1.0" branch-rate="1.0" complexity="0.0">
          <methods>
            <method name="doCall" signature="(Ljava/lang/Object;)Ljava/lang/Object;" line-rate="1.0" branch-rate="1.0">
              <lines>
                <line number="58" hits="1" branch="false"/>
                <line number="63" hits="1" branch="false"/>
              </lines>
            </method>
          </methods>
          <lines>
            <line number="58" hits="1" branch="false"/>
            <line number="63" hits="1" branch="false"/>
          </lines>
        </class>
        <class name="problems.CommentController$_alertComment_closure8" filename="problems/CommentController.groovy" line-rate="1.0" branch-rate="1.0" complexity="0.0">
          <methods/>
          <lines/>
        </class>
        <class name="problems.CommentController$_create_closure1" filename="problems/CommentController.groovy" line-rate="1.0" branch-rate="1.0" complexity="0.0">
          <methods/>
          <lines/>
        </class>
        <class name="problems.CommentController$_edit_closure4" filename="problems/CommentController.groovy" line-rate="1.0" branch-rate="1.0" complexity="0.0">
          <methods/>
          <lines/>
        </class>
        <class name="problems.CommentController$_index_closure2" filename="problems/CommentController.groovy" line-rate="1.0" branch-rate="1.0" complexity="0.0">
          <methods/>
          <lines/>
        </class>
        <class name="problems.CommentController$_notFound_closure7" filename="problems/CommentController.groovy" line-rate="1.0" branch-rate="1.0" complexity="0.0">
          <methods>
            <method name="doCall" signature="(Ljava/lang/Object;)Ljava/lang/Object;" line-rate="1.0" branch-rate="1.0">
              <lines>
                <line number="93" hits="2" branch="false"/>
                <line number="97" hits="2" branch="false"/>
              </lines>
            </method>
          </methods>
          <lines>
            <line number="93" hits="2" branch="false"/>
            <line number="97" hits="2" branch="false"/>
          </lines>
        </class>
        <class name="problems.CommentController$_notFound_closure7_closure12" filename="problems/CommentController.groovy" line-rate="1.0" branch-rate="1.0" complexity="0.0">
          <methods>
            <method name="doCall" signature="(Ljava/lang/Object;)Ljava/lang/Object;" line-rate="1.0" branch-rate="1.0">
              <lines>
                <line number="94" hits="2" branch="false"/>
                <line number="95" hits="2" branch="false"/>
              </lines>
            </method>
          </methods>
          <lines>
            <line number="94" hits="2" branch="false"/>
            <line number="95" hits="2" branch="false"/>
          </lines>
        </class>
        <class name="problems.CommentController$_notFound_closure7_closure13" filename="problems/CommentController.groovy" line-rate="0.0" branch-rate="1.0" complexity="0.0">
          <methods>
            <method name="doCall" signature="(Ljava/lang/Object;)Ljava/lang/Object;" line-rate="0.0" branch-rate="1.0">
              <lines>
                <line number="97" hits="0" branch="false"/>
              </lines>
            </method>
          </methods>
          <lines>
            <line number="97" hits="0" branch="false"/>
          </lines>
        </class>
        <class name="problems.CommentController$_show_closure3" filename="problems/CommentController.groovy" line-rate="1.0" branch-rate="1.0" complexity="0.0">
          <methods/>
          <lines/>
        </class>
        <class name="problems.CommentController$_supprimer_closure6" filename="problems/CommentController.groovy" line-rate="1.0" branch-rate="1.0" complexity="0.0">
          <methods/>
          <lines/>
        </class>
        <class name="problems.CommentController$_tt__create_closure9_closure14" filename="problems/CommentController.groovy" line-rate="0.0" branch-rate="1.0" complexity="0.0">
          <methods>
            <method name="doCall" signature="(Ljava/lang/Object;)Ljava/lang/Object;" line-rate="0.0" branch-rate="1.0">
              <lines>
                <line number="20" hits="0" branch="false"/>
                <line number="21" hits="0" branch="false"/>
              </lines>
            </method>
          </methods>
          <lines>
            <line number="20" hits="0" branch="false"/>
            <line number="21" hits="0" branch="false"/>
          </lines>
        </class>
        <class name="problems.CommentController$_tt__create_closure9_closure15" filename="problems/CommentController.groovy" line-rate="1.0" branch-rate="1.0" complexity="0.0">
          <methods>
            <method name="doCall" signature="(Ljava/lang/Object;)Ljava/lang/Object;" line-rate="1.0" branch-rate="1.0">
              <lines>
                <line number="23" hits="1" branch="false"/>
              </lines>
            </method>
          </methods>
          <lines>
            <line number="23" hits="1" branch="false"/>
          </lines>
        </class>
        <class name="problems.CommentController$_tt__supprimer_closure11_closure18" filename="problems/CommentController.groovy" line-rate="0.0" branch-rate="1.0" complexity="0.0">
          <methods>
            <method name="doCall" signature="(Ljava/lang/Object;)Ljava/lang/Object;" line-rate="0.0" branch-rate="1.0">
              <lines>
                <line number="82" hits="0" branch="false"/>
                <line number="83" hits="0" branch="false"/>
              </lines>
            </method>
          </methods>
          <lines>
            <line number="82" hits="0" branch="false"/>
            <line number="83" hits="0" branch="false"/>
          </lines>
        </class>
        <class name="problems.CommentController$_tt__supprimer_closure11_closure19" filename="problems/CommentController.groovy" line-rate="0.0" branch-rate="1.0" complexity="0.0">
          <methods>
            <method name="doCall" signature="(Ljava/lang/Object;)Ljava/lang/Object;" line-rate="0.0" branch-rate="1.0">
              <lines>
                <line number="86" hits="0" branch="false"/>
              </lines>
            </method>
          </methods>
          <lines>
            <line number="86" hits="0" branch="false"/>
          </lines>
        </class>
        <class name="problems.CommentController$_tt__update_closure10_closure16" filename="problems/CommentController.groovy" line-rate="1.0" branch-rate="1.0" complexity="0.0">
          <methods>
            <method name="doCall" signature="(Ljava/lang/Object;)Ljava/lang/Object;" line-rate="1.0" branch-rate="1.0">
              <lines>
                <line number="59" hits="1" branch="false"/>
                <line number="60" hits="1" branch="false"/>
              </lines>
            </method>
          </methods>
          <lines>
            <line number="59" hits="1" branch="false"/>
            <line number="60" hits="1" branch="false"/>
          </lines>
        </class>
        <class name="problems.CommentController$_tt__update_closure10_closure17" filename="problems/CommentController.groovy" line-rate="0.0" branch-rate="1.0" complexity="0.0">
          <methods>
            <method name="doCall" signature="(Ljava/lang/Object;)Ljava/lang/Object;" line-rate="0.0" branch-rate="1.0">
              <lines>
                <line number="63" hits="0" branch="false"/>
              </lines>
            </method>
          </methods>
          <lines>
            <line number="63" hits="0" branch="false"/>
          </lines>
        </class>
        <class name="problems.CommentController$_update_closure5" filename="problems/CommentController.groovy" line-rate="1.0" branch-rate="1.0" complexity="0.0">
          <methods/>
          <lines/>
        </class>
        <class name="problems.Problem" filename="problems/Problem.groovy" line-rate="0.0" branch-rate="1.0" complexity="0.0">
          <methods>
            <method name="sortedSolutions" signature="()Ljava/lang/Object;" line-rate="0.0" branch-rate="1.0">
              <lines>
                <line number="44" hits="0" branch="false"/>
                <line number="47" hits="0" branch="false"/>
              </lines>
            </method>
          </methods>
          <lines>
            <line number="44" hits="0" branch="false"/>
            <line number="47" hits="0" branch="false"/>
          </lines>
        </class>
        <class name="problems.Problem$__clinit__closure2" filename="problems/Problem.groovy" line-rate="1.0" branch-rate="1.0" complexity="0.0">
          <methods>
            <method name="doCall" signature="(Ljava/lang/Object;)Ljava/lang/Object;" line-rate="1.0" branch-rate="1.0">
              <lines>
                <line number="27" hits="54" branch="false"/>
                <line number="28" hits="54" branch="false"/>
                <line number="29" hits="54" branch="false"/>
                <line number="30" hits="54" branch="false"/>
                <line number="31" hits="54" branch="false"/>
                <line number="32" hits="54" branch="false"/>
                <line number="33" hits="54" branch="false"/>
                <line number="34" hits="54" branch="false"/>
              </lines>
            </method>
          </methods>
          <lines>
            <line number="27" hits="54" branch="false"/>
            <line number="28" hits="54" branch="false"/>
            <line number="29" hits="54" branch="false"/>
            <line number="30" hits="54" branch="false"/>
            <line number="31" hits="54" branch="false"/>
            <line number="32" hits="54" branch="false"/>
            <line number="33" hits="54" branch="false"/>
            <line number="34" hits="54" branch="false"/>
          </lines>
        </class>
        <class name="problems.Problem$_sortedSolutions_closure1" filename="problems/Problem.groovy" line-rate="0.0" branch-rate="0.0" complexity="0.0">
          <methods>
            <method name="doCall" signature="(Ljava/lang/Object;Ljava/lang/Object;)Ljava/lang/Object;" line-rate="0.0" branch-rate="0.0">
              <lines>
                <line number="45" hits="0" branch="true" condition-coverage="0 % (0/2)">
                  <conditions>
                    <condition number="0" type="jump" coverage="0 %"/>
                  </conditions>
                </line>
                <line number="46" hits="0" branch="false"/>
              </lines>
            </method>
          </methods>
          <lines>
            <line number="45" hits="0" branch="true" condition-coverage="0 % (0/2)">
              <conditions>
                <condition number="0" type="jump" coverage="0 %"/>
              </conditions>
            </line>
            <line number="46" hits="0" branch="false"/>
          </lines>
        </class>
        <class name="problems.ProblemController" filename="problems/ProblemController.groovy" line-rate="0.8775510204081632" branch-rate="0.625" complexity="0.0">
          <methods>
            <method name="$tt__alert" signature="(Lproblems/Problem;Lorg/springframework/transaction/TransactionStatus;)Ljava/lang/Object;" line-rate="0.0" branch-rate="1.0">
              <lines>
                <line number="206" hits="0" branch="false"/>
              </lines>
            </method>
            <method name="$tt__answer" signature="(Lproblems/Problem;Lorg/springframework/transaction/TransactionStatus;)Ljava/lang/Object;" line-rate="1.0" branch-rate="1.0">
              <lines>
                <line number="55" hits="1" branch="false"/>
              </lines>
            </method>
            <method name="$tt__create" signature="(Lorg/springframework/transaction/TransactionStatus;)Ljava/lang/Object;" line-rate="1.0" branch-rate="1.0">
              <lines>
                <line number="32" hits="1" branch="false"/>
              </lines>
            </method>
            <method name="$tt__delete" signature="(Lproblems/Problem;Lorg/springframework/transaction/TransactionStatus;)Ljava/lang/Object;" line-rate="1.0" branch-rate="1.0">
              <lines>
                <line number="125" hits="2" branch="true" condition-coverage="100 % (2/2)">
                  <conditions>
                    <condition number="0" type="jump" coverage="100 %"/>
                  </conditions>
                </line>
                <line number="126" hits="1" branch="false"/>
                <line number="127" hits="1" branch="false"/>
                <line number="128" hits="1" branch="false"/>
                <line number="131" hits="1" branch="false"/>
                <line number="133" hits="1" branch="false"/>
              </lines>
            </method>
            <method name="$tt__edit" signature="(Lproblems/Problem;Lorg/springframework/transaction/TransactionStatus;)Ljava/lang/Object;" line-rate="1.0" branch-rate="1.0">
              <lines>
                <line number="94" hits="2" branch="false"/>
              </lines>
            </method>
            <method name="$tt__forceResolve" signature="(Lproblems/Problem;Lorg/springframework/transaction/TransactionStatus;)Ljava/lang/Object;" line-rate="0.0" branch-rate="1.0">
              <lines>
                <line number="158" hits="0" branch="false"/>
                <line number="159" hits="0" branch="false"/>
                <line number="161" hits="0" branch="false"/>
              </lines>
            </method>
            <method name="$tt__index" signature="(Ljava/lang/Integer;Lorg/springframework/transaction/TransactionStatus;)Ljava/lang/Object;" line-rate="1.0" branch-rate="0.5">
              <lines>
                <line number="22" hits="1" branch="true" condition-coverage="50 % (1/2)">
                  <conditions>
                    <condition number="0" type="jump" coverage="50 %"/>
                  </conditions>
                </line>
                <line number="23" hits="1" branch="false"/>
              </lines>
            </method>
            <method name="$tt__my_problems" signature="(Lorg/springframework/transaction/TransactionStatus;)Ljava/lang/Object;" line-rate="1.0" branch-rate="1.0">
              <lines>
                <line number="37" hits="1" branch="false"/>
              </lines>
            </method>
            <method name="$tt__problems_to_validate" signature="(Lorg/springframework/transaction/TransactionStatus;)Ljava/lang/Object;" line-rate="1.0" branch-rate="1.0">
              <lines>
                <line number="50" hits="1" branch="false"/>
              </lines>
            </method>
            <method name="$tt__save" signature="(Lproblems/Problem;Lorg/springframework/transaction/TransactionStatus;)Ljava/lang/Object;" line-rate="0.9285714285714286" branch-rate="0.5416666666666666">
              <lines>
                <line number="61" hits="3" branch="true" condition-coverage="100 % (2/2)">
                  <conditions>
                    <condition number="0" type="jump" coverage="100 %"/>
                  </conditions>
                </line>
                <line number="62" hits="1" branch="false"/>
                <line number="63" hits="1" branch="true" condition-coverage="33 % (2/6)">
                  <conditions>
                    <condition number="0" type="jump" coverage="50 %"/>
                    <condition number="1" type="jump" coverage="50 %"/>
                    <condition number="2" type="jump" coverage="0 %"/>
                  </conditions>
                </line>
                <line number="66" hits="2" branch="true" condition-coverage="100 % (2/2)">
                  <conditions>
                    <condition number="0" type="jump" coverage="100 %"/>
                  </conditions>
                </line>
                <line number="67" hits="1" branch="false"/>
                <line number="68" hits="1" branch="false"/>
                <line number="71" hits="2" branch="true" condition-coverage="100 % (2/2)">
                  <conditions>
                    <condition number="0" type="jump" coverage="100 %"/>
                  </conditions>
                </line>
                <line number="72" hits="1" branch="false"/>
                <line number="73" hits="1" branch="true" condition-coverage="33 % (2/6)">
                  <conditions>
                    <condition number="0" type="jump" coverage="50 %"/>
                    <condition number="1" type="jump" coverage="50 %"/>
                    <condition number="2" type="jump" coverage="0 %"/>
                  </conditions>
                </line>
                <line number="76" hits="1" branch="true" condition-coverage="50 % (1/2)">
                  <conditions>
                    <condition number="0" type="jump" coverage="50 %"/>
                  </conditions>
                </line>
                <line number="77" hits="1" branch="true" condition-coverage="50 % (2/4)">
                  <conditions>
                    <condition number="0" type="jump" coverage="50 %"/>
                    <condition number="1" type="jump" coverage="50 %"/>
                  </conditions>
                </line>
                <line number="78" hits="0" branch="false"/>
                <line number="81" hits="1" branch="false"/>
                <line number="83" hits="1" branch="false"/>
              </lines>
            </method>
            <method name="$tt__show" signature="(Lproblems/Problem;Lorg/springframework/transaction/TransactionStatus;)Ljava/lang/Object;" line-rate="1.0" branch-rate="1.0">
              <lines>
                <line number="27" hits="2" branch="false"/>
              </lines>
            </method>
            <method name="$tt__solved_problems" signature="(Lorg/springframework/transaction/TransactionStatus;)Ljava/lang/Object;" line-rate="0.0" branch-rate="1.0">
              <lines>
                <line number="45" hits="0" branch="false"/>
              </lines>
            </method>
            <method name="$tt__update" signature="(Lproblems/Problem;Lorg/springframework/transaction/TransactionStatus;)Ljava/lang/Object;" line-rate="1.0" branch-rate="1.0">
              <lines>
                <line number="100" hits="3" branch="true" condition-coverage="100 % (2/2)">
                  <conditions>
                    <condition number="0" type="jump" coverage="100 %"/>
                  </conditions>
                </line>
                <line number="101" hits="1" branch="false"/>
                <line number="102" hits="1" branch="false"/>
                <line number="105" hits="2" branch="true" condition-coverage="100 % (2/2)">
                  <conditions>
                    <condition number="0" type="jump" coverage="100 %"/>
                  </conditions>
                </line>
                <line number="106" hits="1" branch="false"/>
                <line number="107" hits="1" branch="false"/>
                <line number="110" hits="1" branch="false"/>
                <line number="112" hits="1" branch="false"/>
              </lines>
            </method>
            <method name="$tt__valid_problems" signature="(Lorg/springframework/transaction/TransactionStatus;)Ljava/lang/Object;" line-rate="1.0" branch-rate="1.0">
              <lines>
                <line number="41" hits="1" branch="false"/>
              </lines>
            </method>
            <method name="$tt__validate" signature="(Lproblems/Problem;Lorg/springframework/transaction/TransactionStatus;)Ljava/lang/Object;" line-rate="1.0" branch-rate="1.0">
              <lines>
                <line number="144" hits="1" branch="false"/>
                <line number="145" hits="1" branch="false"/>
                <line number="146" hits="1" branch="false"/>
              </lines>
            </method>
            <method name="$tt__validateFromList" signature="(Lproblems/Problem;Lorg/springframework/transaction/TransactionStatus;)Ljava/lang/Object;" line-rate="1.0" branch-rate="1.0">
              <lines>
                <line number="151" hits="1" branch="false"/>
                <line number="152" hits="1" branch="false"/>
                <line number="153" hits="1" branch="false"/>
              </lines>
            </method>
            <method name="notFound" signature="()V" line-rate="1.0" branch-rate="1.0">
              <lines>
                <line number="165" hits="3" branch="false"/>
              </lines>
            </method>
          </methods>
          <lines>
            <line number="22" hits="1" branch="true" condition-coverage="50 % (1/2)">
              <conditions>
                <condition number="0" type="jump" coverage="50 %"/>
              </conditions>
            </line>
            <line number="23" hits="1" branch="false"/>
            <line number="27" hits="2" branch="false"/>
            <line number="32" hits="1" branch="false"/>
            <line number="37" hits="1" branch="false"/>
            <line number="41" hits="1" branch="false"/>
            <line number="45" hits="0" branch="false"/>
            <line number="50" hits="1" branch="false"/>
            <line number="55" hits="1" branch="false"/>
            <line number="61" hits="3" branch="true" condition-coverage="100 % (2/2)">
              <conditions>
                <condition number="0" type="jump" coverage="100 %"/>
              </conditions>
            </line>
            <line number="62" hits="1" branch="false"/>
            <line number="63" hits="1" branch="true" condition-coverage="33 % (2/6)">
              <conditions>
                <condition number="0" type="jump" coverage="50 %"/>
                <condition number="1" type="jump" coverage="50 %"/>
                <condition number="2" type="jump" coverage="0 %"/>
              </conditions>
            </line>
            <line number="66" hits="2" branch="true" condition-coverage="100 % (2/2)">
              <conditions>
                <condition number="0" type="jump" coverage="100 %"/>
              </conditions>
            </line>
            <line number="67" hits="1" branch="false"/>
            <line number="68" hits="1" branch="false"/>
            <line number="71" hits="2" branch="true" condition-coverage="100 % (2/2)">
              <conditions>
                <condition number="0" type="jump" coverage="100 %"/>
              </conditions>
            </line>
            <line number="72" hits="1" branch="false"/>
            <line number="73" hits="1" branch="true" condition-coverage="33 % (2/6)">
              <conditions>
                <condition number="0" type="jump" coverage="50 %"/>
                <condition number="1" type="jump" coverage="50 %"/>
                <condition number="2" type="jump" coverage="0 %"/>
              </conditions>
            </line>
            <line number="76" hits="1" branch="true" condition-coverage="50 % (1/2)">
              <conditions>
                <condition number="0" type="jump" coverage="50 %"/>
              </conditions>
            </line>
            <line number="77" hits="1" branch="true" condition-coverage="50 % (2/4)">
              <conditions>
                <condition number="0" type="jump" coverage="50 %"/>
                <condition number="1" type="jump" coverage="50 %"/>
              </conditions>
            </line>
            <line number="78" hits="0" branch="false"/>
            <line number="81" hits="1" branch="false"/>
            <line number="83" hits="1" branch="false"/>
            <line number="94" hits="2" branch="false"/>
            <line number="100" hits="3" branch="true" condition-coverage="100 % (2/2)">
              <conditions>
                <condition number="0" type="jump" coverage="100 %"/>
              </conditions>
            </line>
            <line number="101" hits="1" branch="false"/>
            <line number="102" hits="1" branch="false"/>
            <line number="105" hits="2" branch="true" condition-coverage="100 % (2/2)">
              <conditions>
                <condition number="0" type="jump" coverage="100 %"/>
              </conditions>
            </line>
            <line number="106" hits="1" branch="false"/>
            <line number="107" hits="1" branch="false"/>
            <line number="110" hits="1" branch="false"/>
            <line number="112" hits="1" branch="false"/>
            <line number="125" hits="2" branch="true" condition-coverage="100 % (2/2)">
              <conditions>
                <condition number="0" type="jump" coverage="100 %"/>
              </conditions>
            </line>
            <line number="126" hits="1" branch="false"/>
            <line number="127" hits="1" branch="false"/>
            <line number="128" hits="1" branch="false"/>
            <line number="131" hits="1" branch="false"/>
            <line number="133" hits="1" branch="false"/>
            <line number="144" hits="1" branch="false"/>
            <line number="145" hits="1" branch="false"/>
            <line number="146" hits="1" branch="false"/>
            <line number="151" hits="1" branch="false"/>
            <line number="152" hits="1" branch="false"/>
            <line number="153" hits="1" branch="false"/>
            <line number="158" hits="0" branch="false"/>
            <line number="159" hits="0" branch="false"/>
            <line number="161" hits="0" branch="false"/>
            <line number="165" hits="3" branch="false"/>
            <line number="206" hits="0" branch="false"/>
          </lines>
        </class>
        <class name="problems.ProblemController$_$tt__delete_closure25" filename="problems/ProblemController.groovy" line-rate="1.0" branch-rate="1.0" complexity="0.0">
          <methods>
            <method name="doCall" signature="(Ljava/lang/Object;)Ljava/lang/Object;" line-rate="1.0" branch-rate="1.0">
              <lines>
                <line number="134" hits="1" branch="false"/>
                <line number="138" hits="1" branch="false"/>
              </lines>
            </method>
          </methods>
          <lines>
            <line number="134" hits="1" branch="false"/>
            <line number="138" hits="1" branch="false"/>
          </lines>
        </class>
        <class name="problems.ProblemController$_$tt__my_problems_closure19" filename="problems/ProblemController.groovy" line-rate="1.0" branch-rate="1.0" complexity="0.0">
          <methods>
            <method name="doCall" signature="(Ljava/lang/Object;)Ljava/lang/Object;" line-rate="1.0" branch-rate="1.0">
              <lines>
                <line number="37" hits="3" branch="false"/>
              </lines>
            </method>
          </methods>
          <lines>
            <line number="37" hits="3" branch="false"/>
          </lines>
        </class>
        <class name="problems.ProblemController$_$tt__problems_to_validate_closure22" filename="problems/ProblemController.groovy" line-rate="1.0" branch-rate="0.5" complexity="0.0">
          <methods>
            <method name="doCall" signature="(Ljava/lang/Object;)Ljava/lang/Object;" line-rate="1.0" branch-rate="0.5">
              <lines>
                <line number="50" hits="3" branch="true" condition-coverage="50 % (1/2)">
                  <conditions>
                    <condition number="0" type="jump" coverage="50 %"/>
                  </conditions>
                </line>
              </lines>
            </method>
          </methods>
          <lines>
            <line number="50" hits="3" branch="true" condition-coverage="50 % (1/2)">
              <conditions>
                <condition number="0" type="jump" coverage="50 %"/>
              </conditions>
            </line>
          </lines>
        </class>
        <class name="problems.ProblemController$_$tt__save_closure23" filename="problems/ProblemController.groovy" line-rate="1.0" branch-rate="1.0" complexity="0.0">
          <methods>
            <method name="doCall" signature="(Ljava/lang/Object;)Ljava/lang/Object;" line-rate="1.0" branch-rate="1.0">
              <lines>
                <line number="84" hits="1" branch="false"/>
                <line number="88" hits="1" branch="false"/>
              </lines>
            </method>
          </methods>
          <lines>
            <line number="84" hits="1" branch="false"/>
            <line number="88" hits="1" branch="false"/>
          </lines>
        </class>
        <class name="problems.ProblemController$_$tt__solved_problems_closure21" filename="problems/ProblemController.groovy" line-rate="0.0" branch-rate="1.0" complexity="0.0">
          <methods>
            <method name="doCall" signature="(Ljava/lang/Object;)Ljava/lang/Object;" line-rate="0.0" branch-rate="1.0">
              <lines>
                <line number="45" hits="0" branch="false"/>
              </lines>
            </method>
          </methods>
          <lines>
            <line number="45" hits="0" branch="false"/>
          </lines>
        </class>
        <class name="problems.ProblemController$_$tt__update_closure24" filename="problems/ProblemController.groovy" line-rate="1.0" branch-rate="1.0" complexity="0.0">
          <methods>
            <method name="doCall" signature="(Ljava/lang/Object;)Ljava/lang/Object;" line-rate="1.0" branch-rate="1.0">
              <lines>
                <line number="113" hits="1" branch="false"/>
                <line number="117" hits="1" branch="false"/>
              </lines>
            </method>
          </methods>
          <lines>
            <line number="113" hits="1" branch="false"/>
            <line number="117" hits="1" branch="false"/>
          </lines>
        </class>
        <class name="problems.ProblemController$_$tt__valid_problems_closure20" filename="problems/ProblemController.groovy" line-rate="1.0" branch-rate="1.0" complexity="0.0">
          <methods>
            <method name="doCall" signature="(Ljava/lang/Object;)Ljava/lang/Object;" line-rate="1.0" branch-rate="1.0">
              <lines>
                <line number="41" hits="3" branch="false"/>
              </lines>
            </method>
          </methods>
          <lines>
            <line number="41" hits="3" branch="false"/>
          </lines>
        </class>
        <class name="problems.ProblemController$_alert_closure18" filename="problems/ProblemController.groovy" line-rate="1.0" branch-rate="1.0" complexity="0.0">
          <methods/>
          <lines/>
        </class>
        <class name="problems.ProblemController$_answer_closure9" filename="problems/ProblemController.groovy" line-rate="1.0" branch-rate="1.0" complexity="0.0">
          <methods/>
          <lines/>
        </class>
        <class name="problems.ProblemController$_closure1" filename="problems/ProblemController.groovy" line-rate="0.0" branch-rate="0.0" complexity="0.0">
          <methods>
            <method name="doCall" signature="(Ljava/lang/Object;)Ljava/lang/Object;" line-rate="0.0" branch-rate="0.0">
              <lines>
                <line number="176" hits="0" branch="false"/>
                <line number="177" hits="0" branch="false"/>
                <line number="179" hits="0" branch="false"/>
                <line number="180" hits="0" branch="false"/>
                <line number="182" hits="0" branch="true" condition-coverage="0 % (0/6)">
                  <conditions>
                    <condition number="0" type="jump" coverage="0 %"/>
                    <condition number="1" type="jump" coverage="0 %"/>
                    <condition number="2" type="jump" coverage="0 %"/>
                  </conditions>
                </line>
                <line number="183" hits="0" branch="false"/>
                <line number="186" hits="0" branch="false"/>
                <line number="187" hits="0" branch="false"/>
                <line number="188" hits="0" branch="false"/>
                <line number="189" hits="0" branch="false"/>
                <line number="190" hits="0" branch="false"/>
                <line number="192" hits="0" branch="false"/>
                <line number="194" hits="0" branch="false"/>
                <line number="195" hits="0" branch="false"/>
                <line number="196" hits="0" branch="false"/>
                <line number="199" hits="0" branch="false"/>
                <line number="200" hits="0" branch="false"/>
                <line number="201" hits="0" branch="false"/>
              </lines>
            </method>
          </methods>
          <lines>
            <line number="176" hits="0" branch="false"/>
            <line number="177" hits="0" branch="false"/>
            <line number="179" hits="0" branch="false"/>
            <line number="180" hits="0" branch="false"/>
            <line number="182" hits="0" branch="true" condition-coverage="0 % (0/6)">
              <conditions>
                <condition number="0" type="jump" coverage="0 %"/>
                <condition number="1" type="jump" coverage="0 %"/>
                <condition number="2" type="jump" coverage="0 %"/>
              </conditions>
            </line>
            <line number="183" hits="0" branch="false"/>
            <line number="186" hits="0" branch="false"/>
            <line number="187" hits="0" branch="false"/>
            <line number="188" hits="0" branch="false"/>
            <line number="189" hits="0" branch="false"/>
            <line number="190" hits="0" branch="false"/>
            <line number="192" hits="0" branch="false"/>
            <line number="194" hits="0" branch="false"/>
            <line number="195" hits="0" branch="false"/>
            <line number="196" hits="0" branch="false"/>
            <line number="199" hits="0" branch="false"/>
            <line number="200" hits="0" branch="false"/>
            <line number="201" hits="0" branch="false"/>
          </lines>
        </class>
        <class name="problems.ProblemController$_create_closure4" filename="problems/ProblemController.groovy" line-rate="1.0" branch-rate="1.0" complexity="0.0">
          <methods/>
          <lines/>
        </class>
        <class name="problems.ProblemController$_delete_closure13" filename="problems/ProblemController.groovy" line-rate="1.0" branch-rate="1.0" complexity="0.0">
          <methods/>
          <lines/>
        </class>
        <class name="problems.ProblemController$_edit_closure11" filename="problems/ProblemController.groovy" line-rate="1.0" branch-rate="1.0" complexity="0.0">
          <methods/>
          <lines/>
        </class>
        <class name="problems.ProblemController$_forceResolve_closure16" filename="problems/ProblemController.groovy" line-rate="1.0" branch-rate="1.0" complexity="0.0">
          <methods/>
          <lines/>
        </class>
        <class name="problems.ProblemController$_index_closure2" filename="problems/ProblemController.groovy" line-rate="1.0" branch-rate="1.0" complexity="0.0">
          <methods/>
          <lines/>
        </class>
        <class name="problems.ProblemController$_my_problems_closure5" filename="problems/ProblemController.groovy" line-rate="1.0" branch-rate="1.0" complexity="0.0">
          <methods/>
          <lines/>
        </class>
        <class name="problems.ProblemController$_notFound_closure17" filename="problems/ProblemController.groovy" line-rate="1.0" branch-rate="1.0" complexity="0.0">
          <methods>
            <method name="doCall" signature="(Ljava/lang/Object;)Ljava/lang/Object;" line-rate="1.0" branch-rate="1.0">
              <lines>
                <line number="166" hits="3" branch="false"/>
                <line number="170" hits="3" branch="false"/>
              </lines>
            </method>
          </methods>
          <lines>
            <line number="166" hits="3" branch="false"/>
            <line number="170" hits="3" branch="false"/>
          </lines>
        </class>
        <class name="problems.ProblemController$_notFound_closure17_closure26" filename="problems/ProblemController.groovy" line-rate="1.0" branch-rate="1.0" complexity="0.0">
          <methods>
            <method name="doCall" signature="(Ljava/lang/Object;)Ljava/lang/Object;" line-rate="1.0" branch-rate="1.0">
              <lines>
                <line number="167" hits="3" branch="false"/>
                <line number="168" hits="3" branch="false"/>
              </lines>
            </method>
          </methods>
          <lines>
            <line number="167" hits="3" branch="false"/>
            <line number="168" hits="3" branch="false"/>
          </lines>
        </class>
        <class name="problems.ProblemController$_notFound_closure17_closure27" filename="problems/ProblemController.groovy" line-rate="0.0" branch-rate="1.0" complexity="0.0">
          <methods>
            <method name="doCall" signature="(Ljava/lang/Object;)Ljava/lang/Object;" line-rate="0.0" branch-rate="1.0">
              <lines>
                <line number="170" hits="0" branch="false"/>
              </lines>
            </method>
          </methods>
          <lines>
            <line number="170" hits="0" branch="false"/>
          </lines>
        </class>
        <class name="problems.ProblemController$_problems_to_validate_closure8" filename="problems/ProblemController.groovy" line-rate="1.0" branch-rate="1.0" complexity="0.0">
          <methods/>
          <lines/>
        </class>
        <class name="problems.ProblemController$_save_closure10" filename="problems/ProblemController.groovy" line-rate="1.0" branch-rate="1.0" complexity="0.0">
          <methods/>
          <lines/>
        </class>
        <class name="problems.ProblemController$_show_closure3" filename="problems/ProblemController.groovy" line-rate="1.0" branch-rate="1.0" complexity="0.0">
          <methods/>
          <lines/>
        </class>
        <class name="problems.ProblemController$_solved_problems_closure7" filename="problems/ProblemController.groovy" line-rate="1.0" branch-rate="1.0" complexity="0.0">
          <methods/>
          <lines/>
        </class>
        <class name="problems.ProblemController$_tt__delete_closure25_closure32" filename="problems/ProblemController.groovy" line-rate="1.0" branch-rate="1.0" complexity="0.0">
          <methods>
            <method name="doCall" signature="(Ljava/lang/Object;)Ljava/lang/Object;" line-rate="1.0" branch-rate="1.0">
              <lines>
                <line number="135" hits="1" branch="false"/>
                <line number="136" hits="1" branch="false"/>
              </lines>
            </method>
          </methods>
          <lines>
            <line number="135" hits="1" branch="false"/>
            <line number="136" hits="1" branch="false"/>
          </lines>
        </class>
        <class name="problems.ProblemController$_tt__delete_closure25_closure33" filename="problems/ProblemController.groovy" line-rate="0.0" branch-rate="1.0" complexity="0.0">
          <methods>
            <method name="doCall" signature="(Ljava/lang/Object;)Ljava/lang/Object;" line-rate="0.0" branch-rate="1.0">
              <lines>
                <line number="138" hits="0" branch="false"/>
              </lines>
            </method>
          </methods>
          <lines>
            <line number="138" hits="0" branch="false"/>
          </lines>
        </class>
        <class name="problems.ProblemController$_tt__save_closure23_closure28" filename="problems/ProblemController.groovy" line-rate="1.0" branch-rate="1.0" complexity="0.0">
          <methods>
            <method name="doCall" signature="(Ljava/lang/Object;)Ljava/lang/Object;" line-rate="1.0" branch-rate="1.0">
              <lines>
                <line number="85" hits="1" branch="false"/>
                <line number="86" hits="1" branch="false"/>
              </lines>
            </method>
          </methods>
          <lines>
            <line number="85" hits="1" branch="false"/>
            <line number="86" hits="1" branch="false"/>
          </lines>
        </class>
        <class name="problems.ProblemController$_tt__save_closure23_closure29" filename="problems/ProblemController.groovy" line-rate="0.0" branch-rate="1.0" complexity="0.0">
          <methods>
            <method name="doCall" signature="(Ljava/lang/Object;)Ljava/lang/Object;" line-rate="0.0" branch-rate="1.0">
              <lines>
                <line number="88" hits="0" branch="false"/>
              </lines>
            </method>
          </methods>
          <lines>
            <line number="88" hits="0" branch="false"/>
          </lines>
        </class>
        <class name="problems.ProblemController$_tt__update_closure24_closure30" filename="problems/ProblemController.groovy" line-rate="1.0" branch-rate="1.0" complexity="0.0">
          <methods>
            <method name="doCall" signature="(Ljava/lang/Object;)Ljava/lang/Object;" line-rate="1.0" branch-rate="1.0">
              <lines>
                <line number="114" hits="1" branch="false"/>
                <line number="115" hits="1" branch="false"/>
              </lines>
            </method>
          </methods>
          <lines>
            <line number="114" hits="1" branch="false"/>
            <line number="115" hits="1" branch="false"/>
          </lines>
        </class>
        <class name="problems.ProblemController$_tt__update_closure24_closure31" filename="problems/ProblemController.groovy" line-rate="0.0" branch-rate="1.0" complexity="0.0">
          <methods>
            <method name="doCall" signature="(Ljava/lang/Object;)Ljava/lang/Object;" line-rate="0.0" branch-rate="1.0">
              <lines>
                <line number="117" hits="0" branch="false"/>
              </lines>
            </method>
          </methods>
          <lines>
            <line number="117" hits="0" branch="false"/>
          </lines>
        </class>
        <class name="problems.ProblemController$_update_closure12" filename="problems/ProblemController.groovy" line-rate="1.0" branch-rate="1.0" complexity="0.0">
          <methods/>
          <lines/>
        </class>
        <class name="problems.ProblemController$_valid_problems_closure6" filename="problems/ProblemController.groovy" line-rate="1.0" branch-rate="1.0" complexity="0.0">
          <methods/>
          <lines/>
        </class>
        <class name="problems.ProblemController$_validateFromList_closure15" filename="problems/ProblemController.groovy" line-rate="1.0" branch-rate="1.0" complexity="0.0">
          <methods/>
          <lines/>
        </class>
        <class name="problems.ProblemController$_validate_closure14" filename="problems/ProblemController.groovy" line-rate="1.0" branch-rate="1.0" complexity="0.0">
          <methods/>
          <lines/>
        </class>
        <class name="problems.Solution" filename="problems/Solution.groovy" line-rate="0.0" branch-rate="1.0" complexity="0.0">
          <methods>
            <method name="sortedComments" signature="()Ljava/lang/Object;" line-rate="0.0" branch-rate="1.0">
              <lines>
                <line number="21" hits="0" branch="false"/>
                <line number="22" hits="0" branch="false"/>
              </lines>
            </method>
          </methods>
          <lines>
            <line number="21" hits="0" branch="false"/>
            <line number="22" hits="0" branch="false"/>
          </lines>
        </class>
        <class name="problems.Solution$__clinit__closure2" filename="problems/Solution.groovy" line-rate="1.0" branch-rate="1.0" complexity="0.0">
          <methods>
            <method name="doCall" signature="(Ljava/lang/Object;)Ljava/lang/Object;" line-rate="1.0" branch-rate="1.0">
              <lines>
                <line number="16" hits="7" branch="false"/>
                <line number="17" hits="7" branch="false"/>
              </lines>
            </method>
          </methods>
          <lines>
            <line number="16" hits="7" branch="false"/>
            <line number="17" hits="7" branch="false"/>
          </lines>
        </class>
        <class name="problems.Solution$_sortedComments_closure1" filename="problems/Solution.groovy" line-rate="0.0" branch-rate="1.0" complexity="0.0">
          <methods>
            <method name="doCall" signature="(Ljava/lang/Object;Ljava/lang/Object;)Ljava/lang/Object;" line-rate="0.0" branch-rate="1.0">
              <lines>
                <line number="21" hits="0" branch="false"/>
              </lines>
            </method>
          </methods>
          <lines>
            <line number="21" hits="0" branch="false"/>
          </lines>
        </class>
        <class name="problems.SolutionController" filename="problems/SolutionController.groovy" line-rate="0.5581395348837209" branch-rate="0.4583333333333333" complexity="0.0">
          <methods>
            <method name="$tt__aime" signature="(Lproblems/Solution;Lorg/springframework/transaction/TransactionStatus;)Ljava/lang/Object;" line-rate="0.0" branch-rate="1.0">
              <lines>
                <line number="99" hits="0" branch="false"/>
                <line number="100" hits="0" branch="false"/>
                <line number="101" hits="0" branch="false"/>
                <line number="102" hits="0" branch="false"/>
                <line number="103" hits="0" branch="false"/>
              </lines>
            </method>
            <method name="$tt__bestSolution" signature="(Lproblems/Solution;Lorg/springframework/transaction/TransactionStatus;)Ljava/lang/Object;" line-rate="0.0" branch-rate="0.0">
              <lines>
                <line number="107" hits="0" branch="false"/>
                <line number="108" hits="0" branch="true" condition-coverage="0 % (0/6)">
                  <conditions>
                    <condition number="0" type="jump" coverage="0 %"/>
                    <condition number="1" type="jump" coverage="0 %"/>
                    <condition number="2" type="jump" coverage="0 %"/>
                  </conditions>
                </line>
                <line number="109" hits="0" branch="true" condition-coverage="0 % (0/2)">
                  <conditions>
                    <condition number="0" type="jump" coverage="0 %"/>
                  </conditions>
                </line>
                <line number="110" hits="0" branch="false"/>
                <line number="112" hits="0" branch="false"/>
                <line number="114" hits="0" branch="false"/>
                <line number="115" hits="0" branch="false"/>
                <line number="116" hits="0" branch="false"/>
                <line number="118" hits="0" branch="false"/>
              </lines>
            </method>
            <method name="$tt__create" signature="(Lorg/springframework/transaction/TransactionStatus;)Ljava/lang/Object;" line-rate="1.0" branch-rate="1.0">
              <lines>
                <line number="17" hits="2" branch="true" condition-coverage="100 % (2/2)">
                  <conditions>
                    <condition number="0" type="jump" coverage="100 %"/>
                  </conditions>
                </line>
                <line number="18" hits="1" branch="false"/>
                <line number="20" hits="1" branch="false"/>
                <line number="21" hits="1" branch="false"/>
              </lines>
            </method>
            <method name="$tt__delete" signature="(Lproblems/Solution;Lorg/springframework/transaction/TransactionStatus;)Ljava/lang/Object;" line-rate="1.0" branch-rate="1.0">
              <lines>
                <line number="71" hits="2" branch="true" condition-coverage="100 % (2/2)">
                  <conditions>
                    <condition number="0" type="jump" coverage="100 %"/>
                  </conditions>
                </line>
                <line number="72" hits="1" branch="false"/>
                <line number="73" hits="1" branch="false"/>
                <line number="76" hits="1" branch="false"/>
                <line number="78" hits="1" branch="false"/>
              </lines>
            </method>
            <method name="$tt__save" signature="(Lproblems/Solution;Lorg/springframework/transaction/TransactionStatus;)Ljava/lang/Object;" line-rate="0.7368421052631579" branch-rate="0.5">
              <lines>
                <line number="27" hits="3" branch="true" condition-coverage="100 % (2/2)">
                  <conditions>
                    <condition number="0" type="jump" coverage="100 %"/>
                  </conditions>
                </line>
                <line number="28" hits="1" branch="false"/>
                <line number="29" hits="1" branch="true" condition-coverage="33 % (2/6)">
                  <conditions>
                    <condition number="0" type="jump" coverage="50 %"/>
                    <condition number="1" type="jump" coverage="50 %"/>
                    <condition number="2" type="jump" coverage="0 %"/>
                  </conditions>
                </line>
                <line number="32" hits="2" branch="true" condition-coverage="100 % (2/2)">
                  <conditions>
                    <condition number="0" type="jump" coverage="100 %"/>
                  </conditions>
                </line>
                <line number="33" hits="1" branch="true" condition-coverage="33 % (2/6)">
                  <conditions>
                    <condition number="0" type="jump" coverage="50 %"/>
                    <condition number="1" type="jump" coverage="50 %"/>
                    <condition number="2" type="jump" coverage="0 %"/>
                  </conditions>
                </line>
                <line number="36" hits="2" branch="true" condition-coverage="66 % (4/6)">
                  <conditions>
                    <condition number="0" type="jump" coverage="100 %"/>
                    <condition number="1" type="jump" coverage="50 %"/>
                    <condition number="2" type="jump" coverage="50 %"/>
                  </conditions>
                </line>
                <line number="37" hits="0" branch="false"/>
                <line number="40" hits="2" branch="false"/>
                <line number="42" hits="2" branch="true" condition-coverage="33 % (2/6)">
                  <conditions>
                    <condition number="0" type="jump" coverage="50 %"/>
                    <condition number="1" type="jump" coverage="50 %"/>
                    <condition number="2" type="jump" coverage="0 %"/>
                  </conditions>
                </line>
                <line number="44" hits="2" branch="true" condition-coverage="50 % (2/4)">
                  <conditions>
                    <condition number="0" type="jump" coverage="50 %"/>
                    <condition number="1" type="jump" coverage="50 %"/>
                  </conditions>
                </line>
                <line number="45" hits="0" branch="true" condition-coverage="0 % (0/2)">
                  <conditions>
                    <condition number="0" type="jump" coverage="0 %"/>
                  </conditions>
                </line>
                <line number="46" hits="0" branch="false"/>
                <line number="47" hits="0" branch="false"/>
                <line number="48" hits="0" branch="false"/>
                <line number="52" hits="2" branch="true" condition-coverage="100 % (2/2)">
                  <conditions>
                    <condition number="0" type="jump" coverage="100 %"/>
                  </conditions>
                </line>
                <line number="53" hits="1" branch="false"/>
                <line number="54" hits="1" branch="false"/>
                <line number="57" hits="1" branch="false"/>
                <line number="59" hits="1" branch="false"/>
              </lines>
            </method>
            <method name="notFound" signature="()V" line-rate="1.0" branch-rate="1.0">
              <lines>
                <line number="88" hits="2" branch="false"/>
              </lines>
            </method>
          </methods>
          <lines>
            <line number="17" hits="2" branch="true" condition-coverage="100 % (2/2)">
              <conditions>
                <condition number="0" type="jump" coverage="100 %"/>
              </conditions>
            </line>
            <line number="18" hits="1" branch="false"/>
            <line number="20" hits="1" branch="false"/>
            <line number="21" hits="1" branch="false"/>
            <line number="27" hits="3" branch="true" condition-coverage="100 % (2/2)">
              <conditions>
                <condition number="0" type="jump" coverage="100 %"/>
              </conditions>
            </line>
            <line number="28" hits="1" branch="false"/>
            <line number="29" hits="1" branch="true" condition-coverage="33 % (2/6)">
              <conditions>
                <condition number="0" type="jump" coverage="50 %"/>
                <condition number="1" type="jump" coverage="50 %"/>
                <condition number="2" type="jump" coverage="0 %"/>
              </conditions>
            </line>
            <line number="32" hits="2" branch="true" condition-coverage="100 % (2/2)">
              <conditions>
[...]
              <lines>
                <line number="67" hits="2" branch="false"/>
              </lines>
            </method>
          </methods>
          <lines>
            <line number="67" hits="2" branch="false"/>
          </lines>
        </class>
        <class name="users.UserRole$_removeAll_closure6" filename="users/UserRole.groovy" line-rate="1.0" branch-rate="1.0" complexity="0.0">
          <methods>
            <method name="doCall" signature="(Ljava/lang/Object;)Ljava/lang/Object;" line-rate="1.0" branch-rate="1.0">
              <lines>
                <line number="71" hits="2" branch="false"/>
              </lines>
            </method>
          </methods>
          <lines>
            <line number="71" hits="2" branch="false"/>
          </lines>
        </class>
        <class name="users.UserRole$_removeAll_closure7" filename="users/UserRole.groovy" line-rate="1.0" branch-rate="1.0" complexity="0.0">
          <methods>
            <method name="doCall" signature="(Ljava/lang/Object;)Ljava/lang/Object;" line-rate="1.0" branch-rate="1.0">
              <lines>
                <line number="79" hits="2" branch="false"/>
              </lines>
            </method>
          </methods>
          <lines>
            <line number="79" hits="2" branch="false"/>
          </lines>
        </class>
        <class name="users.UserRole$_removeAll_closure8" filename="users/UserRole.groovy" line-rate="1.0" branch-rate="1.0" complexity="0.0">
          <methods>
            <method name="doCall" signature="(Ljava/lang/Object;)Ljava/lang/Object;" line-rate="1.0" branch-rate="1.0">
              <lines>
                <line number="83" hits="2" branch="false"/>
              </lines>
            </method>
          </methods>
          <lines>
            <line number="83" hits="2" branch="false"/>
          </lines>
        </class>
        <class name="users.UserRole$_remove_closure3" filename="users/UserRole.groovy" line-rate="1.0" branch-rate="1.0" complexity="0.0">
          <methods/>
          <lines/>
        </class>
        <class name="users.UserRole$_remove_closure3_closure13" filename="users/UserRole.groovy" line-rate="0.0" branch-rate="1.0" complexity="0.0">
          <methods>
            <method name="doCall" signature="(Ljava/lang/Object;)Ljava/lang/Object;" line-rate="0.0" branch-rate="1.0">
              <lines>
                <line number="52" hits="0" branch="false"/>
                <line number="53" hits="0" branch="false"/>
              </lines>
            </method>
          </methods>
          <lines>
            <line number="52" hits="0" branch="false"/>
            <line number="53" hits="0" branch="false"/>
          </lines>
        </class>
        <class name="users.UserRole$_remove_closure4" filename="users/UserRole.groovy" line-rate="0.0" branch-rate="1.0" complexity="0.0">
          <methods>
            <method name="doCall" signature="(Ljava/lang/Object;)Ljava/lang/Object;" line-rate="0.0" branch-rate="1.0">
              <lines>
                <line number="57" hits="0" branch="false"/>
              </lines>
            </method>
          </methods>
          <lines>
            <line number="57" hits="0" branch="false"/>
          </lines>
        </class>
        <class name="users.UserRoleController" filename="users/UserRoleController.groovy" line-rate="0.9259259259259259" branch-rate="0.8333333333333334" complexity="0.0">
          <methods>
            <method name="$tt__create" signature="(Lorg/springframework/transaction/TransactionStatus;)Ljava/lang/Object;" line-rate="1.0" branch-rate="1.0">
              <lines>
                <line number="24" hits="1" branch="false"/>
              </lines>
            </method>
            <method name="$tt__delete" signature="(Lusers/UserRole;Lorg/springframework/transaction/TransactionStatus;)Ljava/lang/Object;" line-rate="1.0" branch-rate="1.0">
              <lines>
                <line number="80" hits="2" branch="true" condition-coverage="100 % (2/2)">
                  <conditions>
                    <condition number="0" type="jump" coverage="100 %"/>
                  </conditions>
                </line>
                <line number="81" hits="1" branch="false"/>
                <line number="82" hits="1" branch="false"/>
                <line number="85" hits="1" branch="false"/>
                <line number="87" hits="1" branch="false"/>
              </lines>
            </method>
            <method name="$tt__edit" signature="(Lusers/UserRole;Lorg/springframework/transaction/TransactionStatus;)Ljava/lang/Object;" line-rate="1.0" branch-rate="1.0">
              <lines>
                <line number="51" hits="2" branch="false"/>
              </lines>
            </method>
            <method name="$tt__index" signature="(Ljava/lang/Integer;Lorg/springframework/transaction/TransactionStatus;)Ljava/lang/Object;" line-rate="1.0" branch-rate="0.5">
              <lines>
                <line number="15" hits="1" branch="true" condition-coverage="50 % (1/2)">
                  <conditions>
                    <condition number="0" type="jump" coverage="50 %"/>
                  </conditions>
                </line>
                <line number="16" hits="1" branch="false"/>
              </lines>
            </method>
            <method name="$tt__save" signature="(Lusers/UserRole;Lorg/springframework/transaction/TransactionStatus;)Ljava/lang/Object;" line-rate="0.75" branch-rate="0.75">
              <lines>
                <line number="29" hits="2" branch="true" condition-coverage="50 % (1/2)">
                  <conditions>
                    <condition number="0" type="jump" coverage="50 %"/>
                  </conditions>
                </line>
                <line number="30" hits="0" branch="false"/>
                <line number="31" hits="0" branch="false"/>
                <line number="34" hits="2" branch="true" condition-coverage="100 % (2/2)">
                  <conditions>
                    <condition number="0" type="jump" coverage="100 %"/>
                  </conditions>
                </line>
                <line number="35" hits="1" branch="false"/>
                <line number="36" hits="1" branch="false"/>
                <line number="39" hits="1" branch="false"/>
                <line number="41" hits="1" branch="false"/>
              </lines>
            </method>
            <method name="$tt__show" signature="(Lusers/UserRole;Lorg/springframework/transaction/TransactionStatus;)Ljava/lang/Object;" line-rate="1.0" branch-rate="1.0">
              <lines>
                <line number="20" hits="2" branch="false"/>
              </lines>
            </method>
            <method name="$tt__update" signature="(Lusers/UserRole;Lorg/springframework/transaction/TransactionStatus;)Ljava/lang/Object;" line-rate="1.0" branch-rate="1.0">
              <lines>
                <line number="56" hits="3" branch="true" condition-coverage="100 % (2/2)">
                  <conditions>
                    <condition number="0" type="jump" coverage="100 %"/>
                  </conditions>
                </line>
                <line number="57" hits="1" branch="false"/>
                <line number="58" hits="1" branch="false"/>
                <line number="61" hits="2" branch="true" condition-coverage="100 % (2/2)">
                  <conditions>
                    <condition number="0" type="jump" coverage="100 %"/>
                  </conditions>
                </line>
                <line number="62" hits="1" branch="false"/>
                <line number="63" hits="1" branch="false"/>
                <line number="66" hits="1" branch="false"/>
                <line number="68" hits="1" branch="false"/>
              </lines>
            </method>
            <method name="notFound" signature="()V" line-rate="1.0" branch-rate="1.0">
              <lines>
                <line number="97" hits="2" branch="false"/>
              </lines>
            </method>
          </methods>
          <lines>
            <line number="15" hits="1" branch="true" condition-coverage="50 % (1/2)">
              <conditions>
                <condition number="0" type="jump" coverage="50 %"/>
              </conditions>
            </line>
            <line number="16" hits="1" branch="false"/>
            <line number="20" hits="2" branch="false"/>
            <line number="24" hits="1" branch="false"/>
            <line number="29" hits="2" branch="true" condition-coverage="50 % (1/2)">
              <conditions>
                <condition number="0" type="jump" coverage="50 %"/>
              </conditions>
            </line>
            <line number="30" hits="0" branch="false"/>
            <line number="31" hits="0" branch="false"/>
            <line number="34" hits="2" branch="true" condition-coverage="100 % (2/2)">
              <conditions>
                <condition number="0" type="jump" coverage="100 %"/>
              </conditions>
            </line>
            <line number="35" hits="1" branch="false"/>
            <line number="36" hits="1" branch="false"/>
            <line number="39" hits="1" branch="false"/>
            <line number="41" hits="1" branch="false"/>
            <line number="51" hits="2" branch="false"/>
            <line number="56" hits="3" branch="true" condition-coverage="100 % (2/2)">
              <conditions>
                <condition number="0" type="jump" coverage="100 %"/>
              </conditions>
            </line>
            <line number="57" hits="1" branch="false"/>
            <line number="58" hits="1" branch="false"/>
            <line number="61" hits="2" branch="true" condition-coverage="100 % (2/2)">
              <conditions>
                <condition number="0" type="jump" coverage="100 %"/>
              </conditions>
            </line>
            <line number="62" hits="1" branch="false"/>
            <line number="63" hits="1" branch="false"/>
            <line number="66" hits="1" branch="false"/>
            <line number="68" hits="1" branch="false"/>
            <line number="80" hits="2" branch="true" condition-coverage="100 % (2/2)">
              <conditions>
                <condition number="0" type="jump" coverage="100 %"/>
              </conditions>
            </line>
            <line number="81" hits="1" branch="false"/>
            <line number="82" hits="1" branch="false"/>
            <line number="85" hits="1" branch="false"/>
            <line number="87" hits="1" branch="false"/>
            <line number="97" hits="2" branch="false"/>
          </lines>
        </class>
        <class name="users.UserRoleController$_$tt__delete_closure11" filename="users/UserRoleController.groovy" line-rate="1.0" branch-rate="1.0" complexity="0.0">
          <methods>
            <method name="doCall" signature="(Ljava/lang/Object;)Ljava/lang/Object;" line-rate="1.0" branch-rate="1.0">
              <lines>
                <line number="88" hits="1" branch="false"/>
                <line number="92" hits="1" branch="false"/>
              </lines>
            </method>
          </methods>
          <lines>
            <line number="88" hits="1" branch="false"/>
            <line number="92" hits="1" branch="false"/>
          </lines>
        </class>
        <class name="users.UserRoleController$_$tt__save_closure9" filename="users/UserRoleController.groovy" line-rate="1.0" branch-rate="1.0" complexity="0.0">
          <methods>
            <method name="doCall" signature="(Ljava/lang/Object;)Ljava/lang/Object;" line-rate="1.0" branch-rate="1.0">
              <lines>
                <line number="42" hits="1" branch="false"/>
                <line number="46" hits="1" branch="false"/>
              </lines>
            </method>
          </methods>
          <lines>
            <line number="42" hits="1" branch="false"/>
            <line number="46" hits="1" branch="false"/>
          </lines>
        </class>
        <class name="users.UserRoleController$_$tt__update_closure10" filename="users/UserRoleController.groovy" line-rate="1.0" branch-rate="1.0" complexity="0.0">
          <methods>
            <method name="doCall" signature="(Ljava/lang/Object;)Ljava/lang/Object;" line-rate="1.0" branch-rate="1.0">
              <lines>
                <line number="69" hits="1" branch="false"/>
                <line number="73" hits="1" branch="false"/>
              </lines>
            </method>
          </methods>
          <lines>
            <line number="69" hits="1" branch="false"/>
            <line number="73" hits="1" branch="false"/>
          </lines>
        </class>
        <class name="users.UserRoleController$_create_closure3" filename="users/UserRoleController.groovy" line-rate="1.0" branch-rate="1.0" complexity="0.0">
          <methods/>
          <lines/>
        </class>
        <class name="users.UserRoleController$_delete_closure7" filename="users/UserRoleController.groovy" line-rate="1.0" branch-rate="1.0" complexity="0.0">
          <methods/>
          <lines/>
        </class>
        <class name="users.UserRoleController$_edit_closure5" filename="users/UserRoleController.groovy" line-rate="1.0" branch-rate="1.0" complexity="0.0">
          <methods/>
          <lines/>
        </class>
        <class name="users.UserRoleController$_index_closure1" filename="users/UserRoleController.groovy" line-rate="1.0" branch-rate="1.0" complexity="0.0">
          <methods/>
          <lines/>
        </class>
        <class name="users.UserRoleController$_notFound_closure8" filename="users/UserRoleController.groovy" line-rate="1.0" branch-rate="1.0" complexity="0.0">
          <methods>
            <method name="doCall" signature="(Ljava/lang/Object;)Ljava/lang/Object;" line-rate="1.0" branch-rate="1.0">
              <lines>
                <line number="98" hits="2" branch="false"/>
                <line number="102" hits="2" branch="false"/>
              </lines>
            </method>
          </methods>
          <lines>
            <line number="98" hits="2" branch="false"/>
            <line number="102" hits="2" branch="false"/>
          </lines>
        </class>
        <class name="users.UserRoleController$_notFound_closure8_closure12" filename="users/UserRoleController.groovy" line-rate="1.0" branch-rate="1.0" complexity="0.0">
          <methods>
            <method name="doCall" signature="(Ljava/lang/Object;)Ljava/lang/Object;" line-rate="1.0" branch-rate="1.0">
              <lines>
                <line number="99" hits="2" branch="false"/>
                <line number="100" hits="2" branch="false"/>
              </lines>
            </method>
          </methods>
          <lines>
            <line number="99" hits="2" branch="false"/>
            <line number="100" hits="2" branch="false"/>
          </lines>
        </class>
        <class name="users.UserRoleController$_notFound_closure8_closure13" filename="users/UserRoleController.groovy" line-rate="0.0" branch-rate="1.0" complexity="0.0">
          <methods>
            <method name="doCall" signature="(Ljava/lang/Object;)Ljava/lang/Object;" line-rate="0.0" branch-rate="1.0">
              <lines>
                <line number="102" hits="0" branch="false"/>
              </lines>
            </method>
          </methods>
          <lines>
            <line number="102" hits="0" branch="false"/>
          </lines>
        </class>
        <class name="users.UserRoleController$_save_closure4" filename="users/UserRoleController.groovy" line-rate="1.0" branch-rate="1.0" complexity="0.0">
          <methods/>
          <lines/>
        </class>
        <class name="users.UserRoleController$_show_closure2" filename="users/UserRoleController.groovy" line-rate="1.0" branch-rate="1.0" complexity="0.0">
          <methods/>
          <lines/>
        </class>
        <class name="users.UserRoleController$_tt__delete_closure11_closure18" filename="users/UserRoleController.groovy" line-rate="1.0" branch-rate="1.0" complexity="0.0">
          <methods>
            <method name="doCall" signature="(Ljava/lang/Object;)Ljava/lang/Object;" line-rate="1.0" branch-rate="1.0">
              <lines>
                <line number="89" hits="1" branch="false"/>
                <line number="90" hits="1" branch="false"/>
              </lines>
            </method>
          </methods>
          <lines>
            <line number="89" hits="1" branch="false"/>
            <line number="90" hits="1" branch="false"/>
          </lines>
        </class>
        <class name="users.UserRoleController$_tt__delete_closure11_closure19" filename="users/UserRoleController.groovy" line-rate="0.0" branch-rate="1.0" complexity="0.0">
          <methods>
            <method name="doCall" signature="(Ljava/lang/Object;)Ljava/lang/Object;" line-rate="0.0" branch-rate="1.0">
              <lines>
                <line number="92" hits="0" branch="false"/>
              </lines>
            </method>
          </methods>
          <lines>
            <line number="92" hits="0" branch="false"/>
          </lines>
        </class>
        <class name="users.UserRoleController$_tt__save_closure9_closure14" filename="users/UserRoleController.groovy" line-rate="1.0" branch-rate="1.0" complexity="0.0">
          <methods>
            <method name="doCall" signature="(Ljava/lang/Object;)Ljava/lang/Object;" line-rate="1.0" branch-rate="1.0">
              <lines>
                <line number="43" hits="1" branch="false"/>
                <line number="44" hits="1" branch="false"/>
              </lines>
            </method>
          </methods>
          <lines>
            <line number="43" hits="1" branch="false"/>
            <line number="44" hits="1" branch="false"/>
          </lines>
        </class>
        <class name="users.UserRoleController$_tt__save_closure9_closure15" filename="users/UserRoleController.groovy" line-rate="0.0" branch-rate="1.0" complexity="0.0">
          <methods>
            <method name="doCall" signature="(Ljava/lang/Object;)Ljava/lang/Object;" line-rate="0.0" branch-rate="1.0">
              <lines>
                <line number="46" hits="0" branch="false"/>
              </lines>
            </method>
          </methods>
          <lines>
            <line number="46" hits="0" branch="false"/>
          </lines>
        </class>
        <class name="users.UserRoleController$_tt__update_closure10_closure16" filename="users/UserRoleController.groovy" line-rate="1.0" branch-rate="1.0" complexity="0.0">
          <methods>
            <method name="doCall" signature="(Ljava/lang/Object;)Ljava/lang/Object;" line-rate="1.0" branch-rate="1.0">
              <lines>
                <line number="70" hits="1" branch="false"/>
                <line number="71" hits="1" branch="false"/>
              </lines>
            </method>
          </methods>
          <lines>
            <line number="70" hits="1" branch="false"/>
            <line number="71" hits="1" branch="false"/>
          </lines>
        </class>
        <class name="users.UserRoleController$_tt__update_closure10_closure17" filename="users/UserRoleController.groovy" line-rate="0.0" branch-rate="1.0" complexity="0.0">
          <methods>
            <method name="doCall" signature="(Ljava/lang/Object;)Ljava/lang/Object;" line-rate="0.0" branch-rate="1.0">
              <lines>
                <line number="73" hits="0" branch="false"/>
              </lines>
            </method>
          </methods>
          <lines>
            <line number="73" hits="0" branch="false"/>
          </lines>
        </class>
        <class name="users.UserRoleController$_update_closure6" filename="users/UserRoleController.groovy" line-rate="1.0" branch-rate="1.0" complexity="0.0">
          <methods/>
          <lines/>
        </class>
      </classes>
    </package>
  </packages>
</coverage>
